<?xml version="1.0" encoding="UTF-8"?>
<!-- Generated by org.testng.reporters.JUnitReportReporter -->
<testsuite skipped="0" hostname="vishnupriya-PC" name="com.hdfc.load.eduloan.LinkTesting" tests="1" failures="0" timestamp="01 Jun 2018 04:53:39 GMT" time="85.578" errors="0">
  <testcase name="linkTesting" time="85.578" classname="com.hdfc.load.eduloan.LinkTesting"/>
</testsuite> <!-- com.hdfc.load.eduloan.LinkTesting -->
